make.exe all --print-data-base --no-builtin-variables --no-builtin-rules --question
# GNU Make 3.81
# Copyright (C) 2006  Free Software Foundation, Inc.
# This is free software; see the source for copying conditions.
# There is NO warranty; not even for MERCHANTABILITY or FITNESS FOR A
# PARTICULAR PURPOSE.

# This program built for i686-pc-msys
 
make.exe: *** No rule to make target `all'.  Stop.
 

# Make data base, printed on Sun Dec 26 03:30:57 2021

# Variables

# automatic
<D = $(patsubst %/,%,$(dir $<))
# automatic
?F = $(notdir $?)
 
# environment
KISYS3DMOD = C:\Program Files\KiCad\share\kicad\modules\packages3d
# makefile
MAKEFLAGS = Rrqp
# environment
KICAD_TEMPLATE_DIR = C:\Program Files\KiCad\share\kicad\template
# environment
VSCODE_LOG_NATIVE = false
# automatic
?D = $(patsubst %/,%,$(dir $?))
# automatic
@D = $(patsubst %/,%,$(dir $@))
# environment
HOMEDRIVE = C:
# automatic
@F = $(notdir $@)
# automatic
^D = $(patsubst %/,%,$(dir $^))
# makefile
CURDIR := /c/Users/Micha/OneDrive/Documents/Learning/uDemy/C++/Beginner
# default
SHELL := /bin/sh
# environment
WINDIR = C:\WINDOWS
# environment
VSCODE_NLS_CONFIG = {"locale":"en-us","availableLanguages":{},"_languagePackSupport":true}
# environment
ONEDRIVE = C:\Users\Micha\OneDrive - The University of Texas at Dallas
# environment
QSYS_ROOTDIR = C:\intelFPGA_lite\20.1\quartus\sopc_builder\bin
# environment
PATHEXT = .COM;.EXE;.BAT;.CMD;.VBS;.VBE;.JS;.JSE;.WSF;.WSH;.MSC
# makefile
MAKEFILE_LIST := 
# environment
FPS_BROWSER_USER_PROFILE_STRING = Default
# environment
TMP = /tmp
# environment
VSCODE_VERBOSE_LOGGING = true
# environment
PROGRAMW6432 = C:\Program Files
# environment
PROGRAMDATA = C:\ProgramData
# environment
VSCODE_IPC_HOOK_EXTHOST = \\.\pipe\vscode-ipc-72cb7230-7bab-42eb-a8a5-478a05651528-sock
# environment
VSCODE_CWD = C:\Users\Micha\AppData\Local\Programs\Microsoft VS Code
# environment
PATH = /c/WINDOWS/system32:/c/WINDOWS:/c/WINDOWS/System32/Wbem:/c/WINDOWS/System32/WindowsPowerShell/v1.0/:/c/WINDOWS/System32/OpenSSH/:/c/Program Files/Intel/WiFi/bin/:/c/Program Files/Common Files/Intel/WirelessCommon/:/c/Program Files (x86)/Intel/Intel(R) Management Engine Components/DAL:/c/Program Files/Intel/Intel(R) Management Engine Components/DAL:/c/Program Files/Git/cmd:/c/Program Files (x86)/ZeroTier/One/:/c/Users/Micha/AppData/Local/Programs/Python/Python36/Scripts/:/c/Users/Micha/AppData/Local/Programs/Python/Python36/:/c/Users/Micha/AppData/Local/Programs/Python/Python37/Scripts/:/c/Users/Micha/AppData/Local/Programs/Python/Python37/:/c/Program Files (x86)/GNU Arm Embedded Toolchain/10 2020-q4-major/bin:/c/Users/Micha/AppData/Local/Programs/Python/Python39/Scripts/:/c/Users/Micha/AppData/Local/Programs/Python/Python39/:/c/Users/Micha/AppData/Local/Microsoft/WindowsApps:/c/Users/Micha/AppData/Local/GitHubDesktop/bin:/c/Users/Micha/AppData/Local/Programs/Microsoft VS Code/bin:/c/Users/Micha/AppData/Local/atom/bin:/c/Users/Micha/AppData/Local/Microsoft/WindowsApps:/mingw/bin:/usr/bin:/c/intelFPGA/20.1/modelsim_ase/win32aloem:/c/intelFPGA_lite/20.1/modelsim_ase/win32aloem:/c/Users/Micha/AppData/Local/gitkraken/bin
# environment
LM_LICENSE_FILE = C:\lscc\radiant\2.2\license\license.dat
# environment
COMMONPROGRAMW6432 = C:\Program Files\Common Files
# environment
PROCESSOR_ARCHITECTURE = x86
# environment
USERPROFILE = C:\Users\Micha
# environment
!C: = c:\Users\Micha\OneDrive\Documents\Learning\uDemy\C++\Beginner
# environment
ALLUSERSPROFILE = C:\ProgramData
# environment
SOPC_KIT_NIOS2 = C:\intelFPGA_lite\20.1\nios2eds
# environment
VSCODE_LOG_STACK = false
# environment
NUMBER_OF_PROCESSORS = 4
# environment
ELECTRON_RUN_AS_NODE = 1
# default
.FEATURES := target-specific order-only second-expansion else-if archives jobserver check-symlink
# automatic
%F = $(notdir $%)
# environment
CHROME_CRASHPAD_PIPE_NAME = \\.\pipe\crashpad_17432_USKVPYLLIAEJELYM
# environment
VSCODE_PIPE_LOGGING = true
# environment
COMPUTERNAME = MICHAEL-QV-LY
# environment
PROGRAMFILES = C:\Program Files (x86)
# environment
DRIVERDATA = C:\Windows\System32\Drivers\DriverData
# environment
ORIGINAL_XDG_CURRENT_DESKTOP = undefined
# environment
USERNAME = Micha
# environment
PUBLIC = C:\Users\Public
# environment
VSCODE_AMD_ENTRYPOINT = vs/workbench/services/extensions/node/extensionHostProcess
# environment
HOME = /c/Users/Micha
# environment
VSCODE_CODE_CACHE_PATH = C:\Users\Micha\AppData\Roaming\Code\CachedData\899d46d82c4c95423fb7e10e68eba52050e30ba3
# environment
APPLICATION_INSIGHTS_NO_DIAGNOSTIC_CHANNEL = true
# environment
COMMONPROGRAMFILES = C:\Program Files (x86)\Common Files
# environment
LOGONSERVER = \\MICHAEL-QV-LY
# environment
ONEDRIVECONSUMER = C:\Users\Micha\OneDrive
# environment
VSCODE_HANDLES_UNCAUGHT_ERRORS = true
# environment
USERDOMAIN = MICHAEL-QV-LY
# default
MAKE = $(MAKE_COMMAND)
# default
MAKECMDGOALS := all
# environment
KISYSMOD = C:\Program Files\KiCad\share\kicad\modules
# environment
ONEDRIVECOMMERCIAL = C:\Users\Micha\OneDrive - The University of Texas at Dallas
# default
MAKE_VERSION := 3.81
# environment
KICAD_SYMBOL_DIR = C:\Program Files\KiCad\share\kicad\library
# environment
__PSLOCKDOWNPOLICY = 0
# environment
PROGRAMFILES(X86) = C:\Program Files (x86)
# automatic
%D = $(patsubst %/,%,$(dir $%))
# environment
LOCALAPPDATA = C:\Users\Micha\AppData\Local
# environment
PSMODULEPATH = C:\Program Files\WindowsPowerShell\Modules;C:\WINDOWS\system32\WindowsPowerShell\v1.0\Modules
# default
MAKE_COMMAND := make.exe
# environment
PROCESSOR_ARCHITEW6432 = AMD64
# default
.VARIABLES := 
# automatic
*F = $(notdir $*)
# environment
PROCESSOR_IDENTIFIER = Intel64 Family 6 Model 78 Stepping 3, GenuineIntel
# environment
OS = Windows_NT
# environment
VSCODE_IPC_HOOK = \\.\pipe\d0699ae9dd658f775d43a34ec7b7cbfb-1.63.2-main-sock
# environment
HOMEPATH = \
# environment
COMMONPROGRAMFILES(X86) = C:\Program Files (x86)\Common Files
# environment
PROMPT = $P$G
# environment
MFLAGS = -Rrqp
# automatic
*D = $(patsubst %/,%,$(dir $*))
# environment
SYSTEMROOT = C:\WINDOWS
# automatic
+D = $(patsubst %/,%,$(dir $+))
# automatic
+F = $(notdir $+)
# environment
APPDATA = C:\Users\Micha\AppData\Roaming
# environment
TEMP = /tmp
# environment
COMSPEC = C:\WINDOWS\system32\cmd.exe
# default
MAKEFILES := 
# environment
QUARTUS_ROOTDIR = C:\intelFPGA_lite\20.1\quartus
# automatic
<F = $(notdir $<)
# environment
LC_ALL = C
# environment
CONFIGSETROOT = C:\WINDOWS\ConfigSetRoot
# automatic
^F = $(notdir $^)
# default
SUFFIXES := 
# environment
SYSTEMDRIVE = C:
# environment
SESSIONNAME = Console
# environment
PROCESSOR_REVISION = 4e03
# environment
MAKELEVEL := 0
# makefile
.DEFAULT_GOAL := 
# environment
LANG = C
# environment
PROCESSOR_LEVEL = 6
# environment
TERM = cygwin
# environment
FPS_BROWSER_APP_PROFILE_STRING = Internet Explorer
 
# environment
VSCODE_PID = 17432
# environment
USERDOMAIN_ROAMINGPROFILE = MICHAEL-QV-LY
# variable set hash-table stats:
# Load=103/1024=10%, Rehash=0, Collisions=11/122=9%

# Pattern-specific Variable Values

# No pattern-specific variable values.

# Directories

# . (device -11664, inode 2431990): 12 files, no impossibilities.

# 12 files, no impossibilities in 1 directories.

# Implicit Rules

# No implicit rules.

# Files

# Not a target:
all:
#  Command-line target.
#  Implicit rule search has been done.
#  File does not exist.
#  File has not been updated.
# variable set hash-table stats:
# Load=0/32=0%, Rehash=0, Collisions=0/0=0%

# Not a target:
.SUFFIXES:
#  Implicit rule search has not been done.
#  Modification time never checked.
#  File has not been updated.

# Not a target:
Makefile:
#  A default, MAKEFILES, or -include/sinclude makefile.
#  Implicit rule search has been done.
#  File does not exist.
#  File has been updated.
#  Failed to be updated.
# variable set hash-table stats:
# Load=0/32=0%, Rehash=0, Collisions=0/0=0%

# Not a target:
makefile:
#  A default, MAKEFILES, or -include/sinclude makefile.
#  Implicit rule search has been done.
#  File does not exist.
#  File has been updated.
#  Failed to be updated.
# variable set hash-table stats:
# Load=0/32=0%, Rehash=0, Collisions=0/0=0%

# Not a target:
.DEFAULT:
#  Implicit rule search has not been done.
#  Modification time never checked.
#  File has not been updated.

# Not a target:
GNUmakefile:
#  A default, MAKEFILES, or -include/sinclude makefile.
#  Implicit rule search has been done.
#  File does not exist.
#  File has been updated.
#  Failed to be updated.
# variable set hash-table stats:
# Load=0/32=0%, Rehash=0, Collisions=0/0=0%

# files hash-table stats:
# Load=6/1024=1%, Rehash=0, Collisions=0/16=0%
# VPATH Search Paths

# No `vpath' search paths.

# No general (`VPATH' variable) search path.

# # of strings in strcache: 0
# # of strcache buffers: 0
# strcache size: total = 0 / max = 0 / min = 4096 / avg = 0
# strcache free: total = 0 / max = 0 / min = 4096 / avg = 0
 

# Finished Make data base on Sun Dec 26 03:30:57 2021

 
