make.exe all --print-data-base --no-builtin-variables --no-builtin-rules --question
make: *** No rule to make target 'all'.  Stop.

# GNU Make 4.3
# Built for x86_64-pc-cygwin
# Copyright (C) 1988-2020 Free Software Foundation, Inc.
# License GPLv3+: GNU GPL version 3 or later <http://gnu.org/licenses/gpl.html>
# This is free software: you are free to change and redistribute it.
# There is NO WARRANTY, to the extent permitted by law.

# Make data base, printed on Thu May 26 02:35:52 2022

# Variables

# environment
CUDA_PATH_V11_5 = C:\Program Files\NVIDIA GPU Computing Toolkit\CUDA\v11.5
# environment
SYSTEMDRIVE = C:
# environment
LC_ALL = C
# environment
USERPROFILE = C:\Users\Micha
# environment
VBOX_MSI_INSTALL_PATH = C:\Program Files\Oracle\VirtualBox\
# environment
LOCALAPPDATA = C:\Users\Micha\AppData\Local
# environment
VSCODE_IPC_HOOK_EXTHOST = \\.\pipe\vscode-ipc-4a2d8781-9fb5-4b61-8616-a81eb1b1acbd-sock
# environment
VSCODE_CWD = C:\Users\Micha\AppData\Local\Programs\Microsoft VS Code
# environment
SYSTEMROOT = C:\WINDOWS
# environment
NVCUDASAMPLES11_5_ROOT = C:\ProgramData\NVIDIA Corporation\CUDA Samples\v11.5
# environment
PROCESSOR_LEVEL = 6
# environment
PSMODULEPATH = C:\Users\Micha\Documents\WindowsPowerShell\Modules;C:\Users\Micha\AppData\Local\Google\Cloud SDK\google-cloud-sdk\platform\PowerShell
# default
MAKE_COMMAND := make
# automatic
@D = $(patsubst %/,%,$(dir $@))
# environment
CHROME_CRASHPAD_PIPE_NAME = \\.\pipe\crashpad_3676_FZUWVKZGOSAFBIQU
# environment
VSCODE_HANDLES_UNCAUGHT_ERRORS = true
# default
.VARIABLES := 
# automatic
%D = $(patsubst %/,%,$(dir $%))
# automatic
^D = $(patsubst %/,%,$(dir $^))
# environment
VSCODE_LOG_STACK = false
# automatic
%F = $(notdir $%)
# environment
VSCODE_CODE_CACHE_PATH = C:\Users\Micha\AppData\Roaming\Code\CachedData\c3511e6c69bb39013c4a4b7b9566ec1ca73fc4d5
# environment
LANG = C
# default
.LOADED := 
# environment
TMP = /cygdrive/c/Users/Micha/AppData/Local/Temp
# default
.INCLUDE_DIRS = /usr/include /usr/include
# makefile
MAKEFLAGS = pqrR
# environment
ONEDRIVE = C:\Users\Micha\OneDrive
# makefile
CURDIR := /cygdrive/c/Users/Micha/OneDrive/Documents/Learning/uDemy/C++/Beginner/014_OperatorOverloading
# environment
LM_LICENSE_FILE = C:\lscc\radiant\2.2\license\license.dat
# environment
VSCODE_PIPE_LOGGING = true
# environment
APPLICATION_INSIGHTS_NO_DIAGNOSTIC_CHANNEL = 1
# automatic
*D = $(patsubst %/,%,$(dir $*))
# environment
PROGRAMFILES = C:\Program Files
# environment
MFLAGS = -pqrR
# default
.SHELLFLAGS := -c
# environment
!C: = c:\Users\Micha\OneDrive\Documents\Learning\uDemy\C++\Beginner\014_OperatorOverloading
# environment
COMMONPROGRAMW6432 = C:\Program Files\Common Files
# automatic
+D = $(patsubst %/,%,$(dir $+))
# makefile
MAKEFILE_LIST := 
# automatic
@F = $(notdir $@)
# environment
VSCODE_VERBOSE_LOGGING = true
# environment
VSCODE_PID = 3676
# environment
CUDA_PATH = C:\Program Files\NVIDIA GPU Computing Toolkit\CUDA\v11.5
# environment
__PSLOCKDOWNPOLICY = 0
# automatic
?D = $(patsubst %/,%,$(dir $?))
# automatic
*F = $(notdir $*)
# environment
AWRD_LICENSE_FILE = C:\Users\Micha\AppData\Local\AWR\Design Environment\15.0\awrd.awrlic
# automatic
<D = $(patsubst %/,%,$(dir $<))
# environment
VSCODE_NLS_CONFIG = {"locale":"en-us","availableLanguages":{},"_languagePackSupport":true}
# environment
ONEDRIVECONSUMER = C:\Users\Micha\OneDrive
# default
MAKE_HOST := x86_64-pc-cygwin
# environment
PROGRAMDATA = C:\ProgramData
# default
SHELL := /bin/sh
# environment
HOMEPATH = \Users\Micha
# default
MAKECMDGOALS := all
# environment
DRIVERDATA = C:\Windows\System32\Drivers\DriverData
# environment
COMSPEC = C:\WINDOWS\system32\cmd.exe
# environment
WINDIR = C:\WINDOWS
# environment
MAKELEVEL := 0
# default
MAKE = $(MAKE_COMMAND)
# environment
PATH = /cygdrive/c/Program Files (x86)/Common Files/Oracle/Java/javapath:/cygdrive/c/program files/nvidia gpu computing toolkit/cuda/v11.5/bin:/cygdrive/c/program files/nvidia gpu computing toolkit/cuda/v11.5/libnvvp:/cygdrive/c/windows/system32:/cygdrive/c/windows:/cygdrive/c/windows/system32/wbem:/cygdrive/c/windows/system32/windowspowershell/v1.0:/cygdrive/c/windows/system32/openssh:/cygdrive/c/program files/git/cmd:/cygdrive/c/program files/putty:/cygdrive/c/program files/nvidia corporation/nsight compute 2021.3.0:/cygdrive/c/program files/nvidia corporation/nvidia nvdlisr:/usr/bin:/cygdrive/c/Program Files (x86)/NVIDIA Corporation/PhysX/Common:/cygdrive/c/Program Files/Git/cmd:/cygdrive/c/Ruby31-x64/bin:/cygdrive/c/Users/Micha/AppData/Local/Programs/Python/Python36/Scripts:/cygdrive/c/Users/Micha/AppData/Local/Programs/Python/Python36:/cygdrive/c/Users/Micha/AppData/Local/Programs/Python/Python37/Scripts:/cygdrive/c/Users/Micha/AppData/Local/Programs/Python/Python37:/cygdrive/c/Users/Micha/AppData/Local/Programs/Python/Python38/Scripts:/cygdrive/c/Users/Micha/AppData/Local/Programs/Python/Python38:/cygdrive/c/Users/Micha/AppData/Local/Programs/Python/Python39/Scripts:/cygdrive/c/Users/Micha/AppData/Local/Programs/Python/Python39:/cygdrive/c/Program Files (x86)/GNU Arm Embedded Toolchain/10 2020-q4-major/bin:/cygdrive/c/Users/Micha/AppData/Local/Microsoft/WindowsApps:/cygdrive/c/Users/Micha/AppData/Local/atom/bin:/cygdrive/c/Users/Micha/AppData/Local/GitHubDesktop/bin:/cygdrive/c/Users/Micha/AppData/Local/Programs/Microsoft VS Code/bin::/cygdrive/c/MinGW/bin::/cygdrive/c/MinGW/msys/1.0/bi::/cygdrive/c/intelFPGA/20.1/modelsim_ase/win32aloem:/cygdrive/c/Users/Micha/AppData/Local/Google/Cloud SDK/google-cloud-sdk/bin:/cygdrive/c/Users/Micha/AppData/Local/gitkraken/bin::/usr/bin::/cygdrive/c/Program Files (x86)/Dr. Memory/bin:/cygdrive/c/Users/Micha/Downloads/Installations/Embedded_Applications/xpack-openocd-0.11.0-4-win32-x64/xpack-openocd-0.11.0-4/bin
# environment
COMPUTERNAME = MQLY
# default
MAKEFILES := 
# automatic
^F = $(notdir $^)
# environment
PROMPT = $P$G
# environment
NVTOOLSEXT_PATH = C:\Program Files\NVIDIA Corporation\NvToolsExt\
# environment
LOGONSERVER = \\MQLY
# environment
QSYS_ROOTDIR = C:\intelFPGA_lite\20.1\quartus\sopc_builder\bin
# environment
VSCODE_LOG_NATIVE = false
# environment
USERNAME = Micha
# environment
COMMONPROGRAMFILES = C:\Program Files\Common Files
# automatic
?F = $(notdir $?)
# environment
PROGRAMW6432 = C:\Program Files
# environment
PATHEXT = .COM;.EXE;.BAT;.CMD;.VBS;.VBE;.JS;.JSE;.WSF;.WSH;.MSC;.RB;.RBW
# automatic
+F = $(notdir $+)
# environment
ORIGINAL_XDG_CURRENT_DESKTOP = undefined
# environment
USERDOMAIN = MQLY
# 'override' directive
GNUMAKEFLAGS := 
# environment
OS = Windows_NT
# makefile
.DEFAULT_GOAL := 
# default
MAKE_VERSION := 4.3
# environment
PROGRAMFILES(X86) = C:\Program Files (x86)
# environment
NVCUDASAMPLES_ROOT = C:\ProgramData\NVIDIA Corporation\CUDA Samples\v11.5
# environment
USERDOMAIN_ROAMINGPROFILE = MQLY
# environment
NUMBER_OF_PROCESSORS = 4
# environment
PUBLIC = C:\Users\Public
# environment
QUARTUS_ROOTDIR = C:\intelFPGA_lite\20.1\quartus
# environment
SOPC_KIT_NIOS2 = C:\intelFPGA_lite\20.1\nios2eds
# environment
APPDATA = C:\Users\Micha\AppData\Roaming
# environment
HOMEDRIVE = C:
# environment
PROCESSOR_ARCHITECTURE = AMD64
# environment
VSCODE_AMD_ENTRYPOINT = vs/workbench/api/node/extensionHostProcess
# environment
HOME = /home/Micha
# environment
COMMONPROGRAMFILES(X86) = C:\Program Files (x86)\Common Files
# environment
ELECTRON_RUN_AS_NODE = 1
# environment
TEMP = /cygdrive/c/Users/Micha/AppData/Local/Temp
# environment
VSCODE_IPC_HOOK = \\.\pipe\d0699ae9dd658f775d43a34ec7b7cbfb-1.67.2-main-sock
# environment
TERM = xterm-256color
# default
.RECIPEPREFIX := 
# automatic
<F = $(notdir $<)
# default
SUFFIXES := 
# environment
ALLUSERSPROFILE = C:\ProgramData
# environment
SESSIONNAME = Console
# default
.FEATURES := target-specific order-only second-expansion else-if shortest-stem undefine oneshell nocomment grouped-target extra-prereqs archives jobserver output-sync check-symlink guile load
# environment
PROCESSOR_REVISION = 5e03
# environment
PROCESSOR_IDENTIFIER = Intel64 Family 6 Model 94 Stepping 3, GenuineIntel
# variable set hash-table stats:
# Load=107/1024=10%, Rehash=0, Collisions=15/131=11%

# Pattern-specific Variable Values

# No pattern-specific variable values.

# Directories

# . (device 1691470601, inode 30117822508064401): 10 files, no impossibilities.

# 10 files, no impossibilities in 1 directories.

# Implicit Rules

# No implicit rules.

# Files

# Not a target:
Makefile:
#  Implicit rule search has been done.
#  File does not exist.
#  File has been updated.
#  Failed to be updated.

# Not a target:
.DEFAULT:
#  Implicit rule search has not been done.
#  Modification time never checked.
#  File has not been updated.

# Not a target:
all:
#  Command line target.
#  Implicit rule search has been done.
#  File does not exist.
#  File has not been updated.

# Not a target:
makefile:
#  Implicit rule search has been done.
#  File does not exist.
#  File has been updated.
#  Failed to be updated.

# Not a target:
GNUmakefile:
#  Implicit rule search has been done.
#  File does not exist.
#  File has been updated.
#  Failed to be updated.

# files hash-table stats:
# Load=6/1024=1%, Rehash=0, Collisions=0/15=0%
# VPATH Search Paths

# No 'vpath' search paths.

# No general ('VPATH' variable) search path.

# strcache buffers: 1 (0) / strings = 17 / storage = 245 B / avg = 14 B
# current buf: size = 8162 B / used = 245 B / count = 17 / avg = 14 B

# strcache performance: lookups = 20 / hit rate = 15%
# hash-table stats:
# Load=17/8192=0%, Rehash=0, Collisions=0/20=0%
# Finished Make data base on Thu May 26 02:35:52 2022

 
